This is pdfTeX, Version 3.14159265-2.6-1.40.21 (TeX Live 2020) (preloaded format=pdflatex 2020.4.22)  23 SEP 2020 10:46
entering extended mode
 restricted \write18 enabled.
 %&-line parsing enabled.
**\documentclass{article}

*\usepackage[a4paper, total={8in, 11in}]{geometry}
(/usr/local/texlive/2020/texmf-dist/tex/latex/base/article.cls
Document Class: article 2019/12/20 v1.4l Standard LaTeX document class
(/usr/local/texlive/2020/texmf-dist/tex/latex/base/size10.clo
File: size10.clo 2019/12/20 v1.4l Standard LaTeX file (size option)
)
\c@part=\count167
\c@section=\count168
\c@subsection=\count169
\c@subsubsection=\count170
\c@paragraph=\count171
\c@subparagraph=\count172
\c@figure=\count173
\c@table=\count174
\abovecaptionskip=\skip47
\belowcaptionskip=\skip48
\bibindent=\dimen134
)
*\usepackage{graphicx}
(/usr/local/texlive/2020/texmf-dist/tex/latex/geometry/geometry.sty
Package: geometry 2020/01/02 v5.9 Page Geometry

(/usr/local/texlive/2020/texmf-dist/tex/latex/graphics/keyval.sty
Package: keyval 2014/10/28 v1.15 key=value parser (DPC)
\KV@toks@=\toks15
)
(/usr/local/texlive/2020/texmf-dist/tex/generic/iftex/ifvtex.sty
Package: ifvtex 2019/10/25 v1.7 ifvtex legacy package. Use iftex instead.

(/usr/local/texlive/2020/texmf-dist/tex/generic/iftex/iftex.sty
Package: iftex 2020/03/06 v1.0d TeX engine tests
))
\Gm@cnth=\count175
\Gm@cntv=\count176
\c@Gm@tempcnt=\count177
\Gm@bindingoffset=\dimen135
\Gm@wd@mp=\dimen136
\Gm@odd@mp=\dimen137
\Gm@even@mp=\dimen138
\Gm@layoutwidth=\dimen139
\Gm@layoutheight=\dimen140
\Gm@layouthoffset=\dimen141
\Gm@layoutvoffset=\dimen142
\Gm@dimlist=\toks16
)
*\renewcommand{\arraystretch}{2.25}
(/usr/local/texlive/2020/texmf-dist/tex/latex/graphics/graphicx.sty
Package: graphicx 2019/11/30 v1.2a Enhanced LaTeX Graphics (DPC,SPQR)

(/usr/local/texlive/2020/texmf-dist/tex/latex/graphics/graphics.sty
Package: graphics 2019/11/30 v1.4a Standard LaTeX Graphics (DPC,SPQR)

(/usr/local/texlive/2020/texmf-dist/tex/latex/graphics/trig.sty
Package: trig 2016/01/03 v1.10 sin cos tan (DPC)
)
(/usr/local/texlive/2020/texmf-dist/tex/latex/graphics-cfg/graphics.cfg
File: graphics.cfg 2016/06/04 v1.11 sample graphics configuration
)
Package graphics Info: Driver file: pdftex.def on input line 105.

(/usr/local/texlive/2020/texmf-dist/tex/latex/graphics-def/pdftex.def
File: pdftex.def 2018/01/08 v1.0l Graphics/color driver for pdftex
))
\Gin@req@height=\dimen143
\Gin@req@width=\dimen144
)
*\usepackage{booktabs}

*\begin{document}
(/usr/local/texlive/2020/texmf-dist/tex/latex/booktabs/booktabs.sty
Package: booktabs 2020/01/12 v1.61803398 Publication quality tables
\heavyrulewidth=\dimen145
\lightrulewidth=\dimen146
\cmidrulewidth=\dimen147
\belowrulesep=\dimen148
\belowbottomsep=\dimen149
\aboverulesep=\dimen150
\abovetopsep=\dimen151
\cmidrulesep=\dimen152
\cmidrulekern=\dimen153
\defaultaddspace=\dimen154
\@cmidla=\count178
\@cmidlb=\count179
\@aboverulesep=\dimen155
\@belowrulesep=\dimen156
\@thisruleclass=\count180
\@lastruleclass=\count181
\@thisrulewidth=\dimen157
)
(/usr/local/texlive/2020/texmf-dist/tex/latex/l3backend/l3backend-pdfmode.def
File: l3backend-pdfmode.def 2020-03-12 L3 backend support: PDF mode
\l__kernel_color_stack_int=\count182
\l__pdf_internal_box=\box45
)
No file file.aux.
\openout1 = `file.aux'.

LaTeX Font Info:    Checking defaults for OML/cmm/m/it on input line 0.
LaTeX Font Info:    ... okay on input line 0.
LaTeX Font Info:    Checking defaults for OMS/cmsy/m/n on input line 0.
LaTeX Font Info:    ... okay on input line 0.
LaTeX Font Info:    Checking defaults for OT1/cmr/m/n on input line 0.
LaTeX Font Info:    ... okay on input line 0.
LaTeX Font Info:    Checking defaults for T1/cmr/m/n on input line 0.
LaTeX Font Info:    ... okay on input line 0.
LaTeX Font Info:    Checking defaults for TS1/cmr/m/n on input line 0.
LaTeX Font Info:    ... okay on input line 0.
LaTeX Font Info:    Checking defaults for OMX/cmex/m/n on input line 0.
LaTeX Font Info:    ... okay on input line 0.
LaTeX Font Info:    Checking defaults for U/cmr/m/n on input line 0.
LaTeX Font Info:    ... okay on input line 0.
*geometry* driver: auto-detecting
*geometry* detected driver: pdftex
*geometry* verbose mode - [ preamble ] result:
* driver: pdftex
* paper: a4paper
* layout: <same size as paper>
* layoutoffset:(h,v)=(0.0pt,0.0pt)
* modes: 
* h-part:(L,W,R)=(9.67393pt, 578.15999pt, 9.67395pt)
* v-part:(T,H,B)=(20.03073pt, 794.96999pt, 30.04613pt)
* \paperwidth=597.50787pt
* \paperheight=845.04684pt
* \textwidth=578.15999pt
* \textheight=794.96999pt
* \oddsidemargin=-62.59605pt
* \evensidemargin=-62.59605pt
* \topmargin=-89.23926pt
* \headheight=12.0pt
* \headsep=25.0pt
* \topskip=10.0pt
* \footskip=30.0pt
* \marginparwidth=65.0pt
* \marginparsep=11.0pt
* \columnsep=10.0pt
* \skip\footins=9.0pt plus 4.0pt minus 2.0pt
* \hoffset=0.0pt
* \voffset=0.0pt
* \mag=1000
* \@twocolumnfalse
* \@twosidefalse
* \@mparswitchfalse
* \@reversemarginfalse
* (1in=72.27pt=25.4mm, 1cm=28.453pt)

(/usr/local/texlive/2020/texmf-dist/tex/context/base/mkii/supp-pdf.mkii
[Loading MPS to PDF converter (version 2006.09.02).]
\scratchcounter=\count183
\scratchdimen=\dimen158
\scratchbox=\box46
\nofMPsegments=\count184
\nofMParguments=\count185
\everyMPshowfont=\toks17
\MPscratchCnt=\count186
\MPscratchDim=\dimen159
\MPnumerator=\count187
\makeMPintoPDFobject=\count188
\everyMPtoPDFconversion=\toks18
) (/usr/local/texlive/2020/texmf-dist/tex/latex/epstopdf-pkg/epstopdf-base.sty
Package: epstopdf-base 2020-01-24 v2.11 Base part for package epstopdf
Package epstopdf-base Info: Redefining graphics rule for `.eps' on input line 4
85.

(/usr/local/texlive/2020/texmf-dist/tex/latex/latexconfig/epstopdf-sys.cfg
File: epstopdf-sys.cfg 2010/07/13 v1.3 Configuration of (r)epstopdf for TeX Liv
e
))
*\input{mytable_sol}
(./mytable_sol.tex
LaTeX Font Info:    External font `cmex10' loaded for size
(Font)              <17.28> on input line 2.
LaTeX Font Info:    External font `cmex10' loaded for size
(Font)              <12> on input line 2.
)
*\end{document}
[1

{/usr/local/texlive/2020/texmf-var/fonts/map/pdftex/updmap/pdftex.map}]
(/var/folders/4t/zkccysyj2j72s40pg7vwr4pc0000gn/T/tmp0_mf5c_u/file.aux) 
Here is how much of TeX's memory you used:
 1706 strings out of 480608
 25322 string characters out of 5903630
 272170 words of memory out of 5000000
 17630 multiletter control sequences out of 15000+600000
 534165 words of font info for 30 fonts, out of 8000000 for 9000
 1141 hyphenation exceptions out of 8191
 29i,6n,33p,206b,103s stack positions out of 5000i,500n,10000p,200000b,80000s
</usr/lo
cal/texlive/2020/texmf-dist/fonts/type1/public/amsfonts/cm/cmr10.pfb></usr/loca
l/texlive/2020/texmf-dist/fonts/type1/public/amsfonts/cm/cmr17.pfb>
Output written on /var/folders/4t/zkccysyj2j72s40pg7vwr4pc0000gn/T/tmp0_mf5c_u/
file.pdf (1 page, 20657 bytes).
PDF statistics:
 16 PDF objects out of 1000 (max. 8388607)
 10 compressed objects within 1 object stream
 0 named destinations out of 1000 (max. 500000)
 1 words of extra memory for PDF output out of 10000 (max. 10000000)

